Number of Trials =       1024, Blocksize =        8, MegaTrials/Second =    32.2581, Probability =  25.39%
Number of Trials =       1024, Blocksize =       32, MegaTrials/Second =    35.7143, Probability =  27.73%
Number of Trials =       1024, Blocksize =       64, MegaTrials/Second =    34.4828, Probability =  28.42%
Number of Trials =       1024, Blocksize =      128, MegaTrials/Second =    31.2500, Probability =  27.93%
Number of Trials =       4096, Blocksize =        8, MegaTrials/Second =   121.2121, Probability =  27.00%
Number of Trials =       4096, Blocksize =       32, MegaTrials/Second =   142.8571, Probability =  27.66%
Number of Trials =       4096, Blocksize =       64, MegaTrials/Second =   137.9310, Probability =  27.93%
Number of Trials =       4096, Blocksize =      128, MegaTrials/Second =   137.9310, Probability =  27.00%
Number of Trials =      16384, Blocksize =        8, MegaTrials/Second =   470.5882, Probability =  26.87%
Number of Trials =      16384, Blocksize =       32, MegaTrials/Second =   500.0000, Probability =  26.84%
Number of Trials =      16384, Blocksize =       64, MegaTrials/Second =   500.0000, Probability =  27.67%
Number of Trials =      16384, Blocksize =      128, MegaTrials/Second =   516.1290, Probability =  26.66%
Number of Trials =      65536, Blocksize =        8, MegaTrials/Second =  1408.5282, Probability =  26.89%
Number of Trials =      65536, Blocksize =       32, MegaTrials/Second =  1675.9411, Probability =  26.99%
Number of Trials =      65536, Blocksize =       64, MegaTrials/Second =  2039.8407, Probability =  26.77%
Number of Trials =      65536, Blocksize =      128, MegaTrials/Second =  1873.7419, Probability =  26.97%
Number of Trials =     262144, Blocksize =        8, MegaTrials/Second =  2852.3677, Probability =  26.88%
Number of Trials =     262144, Blocksize =       32, MegaTrials/Second =  5091.3610, Probability =  26.80%
Number of Trials =     262144, Blocksize =       64, MegaTrials/Second =  5184.8100, Probability =  26.80%
Number of Trials =     262144, Blocksize =      128, MegaTrials/Second =  4917.1669, Probability =  26.86%
Number of Trials =    1048576, Blocksize =        8, MegaTrials/Second =  4120.2061, Probability =  26.89%
Number of Trials =    1048576, Blocksize =       32, MegaTrials/Second =  9932.7070, Probability =  26.84%
Number of Trials =    1048576, Blocksize =       64, MegaTrials/Second = 10422.3920, Probability =  26.88%
Number of Trials =    1048576, Blocksize =      128, MegaTrials/Second = 10532.9478, Probability =  26.87%
Number of Trials =    2097152, Blocksize =        8, MegaTrials/Second =  4404.3012, Probability =  26.83%
Number of Trials =    2097152, Blocksize =       32, MegaTrials/Second = 12355.9581, Probability =  26.85%
Number of Trials =    2097152, Blocksize =       64, MegaTrials/Second = 12281.8588, Probability =  26.88%
Number of Trials =    2097152, Blocksize =      128, MegaTrials/Second = 12309.5416, Probability =  26.83%
